<?xml version="1.0" encoding="UTF-8"?>
<!-- Generated by org.testng.reporters.JUnitXMLReporter -->
<testsuite hostname="Srikanth-PC" name="Test" tests="2" failures="1" timestamp="16 Mar 2017 22:43:35 GMT" time="32.922" errors="0">
  <testcase name="testCredtials" time="5.491" classname="com.mercury.testScripts.ValidateCredtials"/>
  <testcase name="testBooking" time="0.062" classname="com.mercury.testScripts.FlightReservation">
    <failure type="java.lang.NullPointerException">
      <![CDATA[java.lang.NullPointerException
	at org.openqa.selenium.support.pagefactory.DefaultElementLocator.findElement(DefaultElementLocator.java:69)
	at org.openqa.selenium.support.pagefactory.internal.LocatingElementHandler.invoke(LocatingElementHandler.java:38)
	at com.sun.proxy.$Proxy7.sendKeys(Unknown Source)
	at com.mercury.pages.Login.loginIntoApplication(Login.java:32)
	at com.mercury.testScripts.FlightReservation.testBooking(FlightReservation.java:20)
... Removed 23 stack frames]]>
    </failure>
  </testcase> <!-- testBooking -->
</testsuite> <!-- Test -->
