<?xml version="1.0" encoding="UTF-8"?>
<testng-results skipped="0" failed="0" total="1" passed="1">
  <reporter-output>
  </reporter-output>
  <suite name="Default suite" duration-ms="29852" started-at="2017-03-19T22:47:38Z" finished-at="2017-03-19T22:48:08Z">
    <groups>
    </groups>
    <test name="Default test" duration-ms="29852" started-at="2017-03-19T22:47:38Z" finished-at="2017-03-19T22:48:08Z">
      <class name="com.mercury.testScripts.TestFile">
        <test-method status="PASS" signature="openBrowser()[pri:0, instance:com.mercury.testScripts.TestFile@43496354]" name="openBrowser" is-config="true" duration-ms="21472" started-at="2017-03-19T18:47:38Z" finished-at="2017-03-19T18:48:00Z">
          <reporter-output>
          </reporter-output>
        </test-method> <!-- openBrowser -->
        <test-method status="PASS" signature="testCredtials()[pri:0, instance:com.mercury.testScripts.TestFile@43496354]" name="testCredtials" duration-ms="8217" started-at="2017-03-19T18:48:00Z" finished-at="2017-03-19T18:48:08Z">
          <reporter-output>
          </reporter-output>
        </test-method> <!-- testCredtials -->
        <test-method status="PASS" signature="Closebrowser()[pri:0, instance:com.mercury.testScripts.TestFile@43496354]" name="Closebrowser" is-config="true" duration-ms="37" started-at="2017-03-19T18:48:08Z" finished-at="2017-03-19T18:48:08Z">
          <reporter-output>
          </reporter-output>
        </test-method> <!-- Closebrowser -->
      </class> <!-- com.mercury.testScripts.TestFile -->
    </test> <!-- Default test -->
  </suite> <!-- Default suite -->
</testng-results>
