<?xml version="1.0" encoding="UTF-8"?>
<testng-results skipped="0" failed="1" total="2" passed="1">
  <reporter-output>
  </reporter-output>
  <suite name="Suite" duration-ms="32922" started-at="2017-03-16T22:43:02Z" finished-at="2017-03-16T22:43:35Z">
    <groups>
    </groups>
    <test name="Test" duration-ms="32922" started-at="2017-03-16T22:43:02Z" finished-at="2017-03-16T22:43:35Z">
      <class name="com.mercury.testScripts.ValidateCredtials">
        <test-method status="PASS" signature="openBrowser()[pri:0, instance:com.mercury.testScripts.ValidateCredtials@2fc14f68]" name="openBrowser" is-config="true" duration-ms="27192" started-at="2017-03-16T18:43:02Z" finished-at="2017-03-16T18:43:29Z">
          <reporter-output>
          </reporter-output>
        </test-method> <!-- openBrowser -->
        <test-method status="PASS" signature="testCredtials()[pri:0, instance:com.mercury.testScripts.ValidateCredtials@2fc14f68]" name="testCredtials" duration-ms="5491" started-at="2017-03-16T18:43:30Z" finished-at="2017-03-16T18:43:35Z">
          <reporter-output>
          </reporter-output>
        </test-method> <!-- testCredtials -->
        <test-method status="PASS" signature="Closebrowser()[pri:0, instance:com.mercury.testScripts.ValidateCredtials@2fc14f68]" name="Closebrowser" is-config="true" duration-ms="72" started-at="2017-03-16T18:43:35Z" finished-at="2017-03-16T18:43:35Z">
          <reporter-output>
          </reporter-output>
        </test-method> <!-- Closebrowser -->
      </class> <!-- com.mercury.testScripts.ValidateCredtials -->
      <class name="com.mercury.testScripts.FlightReservation">
        <test-method status="FAIL" signature="testBooking()[pri:0, instance:com.mercury.testScripts.FlightReservation@591f989e]" name="testBooking" duration-ms="62" started-at="2017-03-16T18:43:35Z" finished-at="2017-03-16T18:43:35Z">
          <exception class="java.lang.NullPointerException">
            <full-stacktrace>
              <![CDATA[java.lang.NullPointerException
	at org.openqa.selenium.support.pagefactory.DefaultElementLocator.findElement(DefaultElementLocator.java:69)
	at org.openqa.selenium.support.pagefactory.internal.LocatingElementHandler.invoke(LocatingElementHandler.java:38)
	at com.sun.proxy.$Proxy7.sendKeys(Unknown Source)
	at com.mercury.pages.Login.loginIntoApplication(Login.java:32)
	at com.mercury.testScripts.FlightReservation.testBooking(FlightReservation.java:20)
	at sun.reflect.NativeMethodAccessorImpl.invoke0(Native Method)
	at sun.reflect.NativeMethodAccessorImpl.invoke(NativeMethodAccessorImpl.java:62)
	at sun.reflect.DelegatingMethodAccessorImpl.invoke(DelegatingMethodAccessorImpl.java:43)
	at java.lang.reflect.Method.invoke(Method.java:497)
	at org.testng.internal.MethodInvocationHelper.invokeMethod(MethodInvocationHelper.java:85)
	at org.testng.internal.Invoker.invokeMethod(Invoker.java:639)
	at org.testng.internal.Invoker.invokeTestMethod(Invoker.java:816)
	at org.testng.internal.Invoker.invokeTestMethods(Invoker.java:1124)
	at org.testng.internal.TestMethodWorker.invokeTestMethods(TestMethodWorker.java:125)
	at org.testng.internal.TestMethodWorker.run(TestMethodWorker.java:108)
	at org.testng.TestRunner.privateRun(TestRunner.java:774)
	at org.testng.TestRunner.run(TestRunner.java:624)
	at org.testng.SuiteRunner.runTest(SuiteRunner.java:359)
	at org.testng.SuiteRunner.runSequentially(SuiteRunner.java:354)
	at org.testng.SuiteRunner.privateRun(SuiteRunner.java:312)
	at org.testng.SuiteRunner.run(SuiteRunner.java:261)
	at org.testng.SuiteRunnerWorker.runSuite(SuiteRunnerWorker.java:52)
	at org.testng.SuiteRunnerWorker.run(SuiteRunnerWorker.java:86)
	at org.testng.TestNG.runSuitesSequentially(TestNG.java:1215)
	at org.testng.TestNG.runSuitesLocally(TestNG.java:1140)
	at org.testng.TestNG.run(TestNG.java:1048)
	at org.testng.TestNG.privateMain(TestNG.java:1355)
	at org.testng.TestNG.main(TestNG.java:1324)
]]>
            </full-stacktrace>
          </exception> <!-- java.lang.NullPointerException -->
          <reporter-output>
          </reporter-output>
        </test-method> <!-- testBooking -->
      </class> <!-- com.mercury.testScripts.FlightReservation -->
    </test> <!-- Test -->
  </suite> <!-- Suite -->
</testng-results>
